<?xml version="1.0" encoding="UTF-8"?>
<testsuite name="AdditionTest" tests="5" skipped="0" failures="0" errors="0" timestamp="2024-05-14T12:06:06" hostname="DESKTOP-A97GDF4" time="0.001">
  <properties/>
  <testcase name="testMinIntOperands" classname="AdditionTest" time="0.001"/>
  <testcase name="testZeroOperands" classname="AdditionTest" time="0.0"/>
  <testcase name="testPerform" classname="AdditionTest" time="0.0"/>
  <testcase name="testNegativeOperands" classname="AdditionTest" time="0.0"/>
  <testcase name="testMaxIntOperands" classname="AdditionTest" time="0.0"/>
  <system-out><![CDATA[]]></system-out>
  <system-err><![CDATA[]]></system-err>
</testsuite>
